[main 4232c0d] Daily sync: 2025-06-06 19:00:01
 33 files changed, 435 insertions(+), 22 deletions(-)
 create mode 100644 .resource/02fee891f7ed421188a18a9a396df3f6
 create mode 100644 .resource/0b87a551991e4db0b384c1eb4cf3d374
 create mode 100644 .resource/3058854001b44e169572e9bfc1dc4711
 create mode 100644 .resource/44eb485d90504bd592383342f16e4933
 create mode 100644 .resource/8cd017d2d0cf4ccfb803fe00592d86aa
 create mode 100644 .resource/bf302a5d61804dc29467b4bca67d189f
 create mode 100644 .resource/cc229b8c893e4a76818e9a04f3f49e12
 create mode 100644 .resource/e887dcabf00c4736951b18b5ca4d08a2
 create mode 100644 02fee891f7ed421188a18a9a396df3f6.md
 create mode 100644 0b87a551991e4db0b384c1eb4cf3d374.md
 create mode 100644 1657497c9a3c41399f12d3774f0fdc5f.md
 create mode 100644 3058854001b44e169572e9bfc1dc4711.md
 create mode 100644 44eb485d90504bd592383342f16e4933.md
 create mode 100644 51c0247445b5460caf9a03186fb33c2f.md
 create mode 100644 5ed33391d77c4e1b8a8d99be2b8e0b08.md
 create mode 100644 716a93f9878b44819d880e44ed02cd30.md
 create mode 100644 86734d1b86f3455385df9d3cbda719f0.md
 create mode 100644 8cd017d2d0cf4ccfb803fe00592d86aa.md
 create mode 100644 a7c5f65d005a4d3b985e298f6d0ab05e.md
 create mode 100644 bf302a5d61804dc29467b4bca67d189f.md
 create mode 100644 c3cd756d97f245e7b1537697527f2bb2.md
 create mode 100644 cc229b8c893e4a76818e9a04f3f49e12.md
 create mode 100644 d1fd5530367544aeb9c16eb343e7b419.md
 create mode 100644 dec51d68fdaf41489082cd2b14523dcd.md
 create mode 100644 e4d1b8ca000c4cad9c6ffacae6a7229a.md
 create mode 100644 e887dcabf00c4736951b18b5ca4d08a2.md
 create mode 100644 fbfef13189d94766a0d2149456a50642.md
 create mode 100644 joplin-sync.log
To github.com:Aimiiin/joplin-notes.git
   70e3e66..4232c0d  main -> main
On branch main
nothing to commit, working tree clean
Nothing to commit
Everything up-to-date
[main c753518] Daily sync: 2025-06-08 19:24:50
 1 file changed, 4 insertions(+)
To github.com:Aimiiin/joplin-notes.git
   b2a4fde..c753518  main -> main
[main 2698fca] Daily sync: 2025-06-10 19:00:01
 1 file changed, 4 insertions(+)
To github.com:Aimiiin/joplin-notes.git
   c753518..2698fca  main -> main
[main 3bc62ea] Daily sync: 2025-06-11 19:00:01
 1 file changed, 4 insertions(+)
To github.com:Aimiiin/joplin-notes.git
   2698fca..3bc62ea  main -> main
